<?xml version="1.0" encoding="UTF-8"?>
<testng-results ignored="0" total="2" passed="2" failed="0" skipped="0">
  <reporter-output>
  </reporter-output>
  <suite started-at="2020-07-02T20:45:50 CDT" name="Default suite" finished-at="2020-07-02T20:45:52 CDT" duration-ms="1841">
    <groups>
    </groups>
    <test started-at="2020-07-02T20:45:50 CDT" name="Default test" finished-at="2020-07-02T20:45:52 CDT" duration-ms="1841">
      <class name="MyTests.TeatNGClasses">
        <test-method signature="createuser()[pri:0, instance:MyTests.TeatNGClasses@36f0f1be]" started-at="2020-07-02T20:45:50 CDT" name="createuser" finished-at="2020-07-02T20:45:51 CDT" duration-ms="1702" status="PASS">
          <reporter-output>
          </reporter-output>
        </test-method> <!-- createuser -->
        <test-method signature="getusers()[pri:0, instance:MyTests.TeatNGClasses@36f0f1be]" started-at="2020-07-02T20:45:51 CDT" name="getusers" finished-at="2020-07-02T20:45:52 CDT" duration-ms="112" status="PASS">
          <reporter-output>
          </reporter-output>
        </test-method> <!-- getusers -->
      </class> <!-- MyTests.TeatNGClasses -->
    </test> <!-- Default test -->
  </suite> <!-- Default suite -->
</testng-results>
